# JRE version: OpenJDK Runtime Environment Microsoft-8035246 (17.0.8+7) (build 17.0.8+7-LTS)
# Java VM: OpenJDK 64-Bit Server VM Microsoft-8035246 (17.0.8+7-LTS, mixed mode, sharing, tiered, compressed oops, compressed class ptrs, g1 gc, windows-amd64)
GC Precious Log:
 CPUs: 6 total, 6 available
 Memory: 8136M
 Large Page Support: Disabled
 NUMA Support: Disabled
 Compressed Oops: Enabled (32-bit)
 Heap Region Size: 1M
 Heap Min Capacity: 8M
 Heap Initial Capacity: 128M
 Heap Max Capacity: 2G
 Pre-touch: Disabled
 Parallel Workers: 6
 Concurrent Workers: 2
 Concurrent Refinement Workers: 6
 Periodic GC: Disabled
Heap:
 garbage-first heap   total 240640K, used 185253K [0x0000000080000000, 0x0000000100000000)
  region size 1024K, 13 young (13312K), 4 survivors (4096K)
 Metaspace       used 99342K, committed 100416K, reserved 557056K
  class space    used 13873K, committed 14400K, reserved 425984K
GC Heap History (20 events):
Event: 122.194 GC heap before
{Heap before GC invocations=54 (full 0):
 garbage-first heap   total 240640K, used 152815K [0x0000000080000000, 0x0000000100000000)
  region size 1024K, 11 young (11264K), 2 survivors (2048K)
 Metaspace       used 89653K, committed 90560K, reserved 557056K
  class space    used 12628K, committed 13056K, reserved 425984K
}
Event: 122.198 GC heap after
{Heap after GC invocations=55 (full 0):
 garbage-first heap   total 240640K, used 148554K [0x0000000080000000, 0x0000000100000000)
  region size 1024K, 2 young (2048K), 2 survivors (2048K)
 Metaspace       used 89653K, committed 90560K, reserved 557056K
  class space    used 12628K, committed 13056K, reserved 425984K
}
Event: 122.545 GC heap before
{Heap before GC invocations=55 (full 0):
 garbage-first heap   total 240640K, used 157770K [0x0000000080000000, 0x0000000100000000)
  region size 1024K, 11 young (11264K), 2 survivors (2048K)
 Metaspace       used 90974K, committed 91904K, reserved 557056K
  class space    used 12757K, committed 13248K, reserved 425984K
}
Event: 122.549 GC heap after
{Heap after GC invocations=56 (full 0):
 garbage-first heap   total 240640K, used 148846K [0x0000000080000000, 0x0000000100000000)
  region size 1024K, 2 young (2048K), 2 survivors (2048K)
 Metaspace       used 90974K, committed 91904K, reserved 557056K
  class space    used 12757K, committed 13248K, reserved 425984K
}
Event: 123.637 GC heap before
{Heap before GC invocations=56 (full 0):
 garbage-first heap   total 240640K, used 189806K [0x0000000080000000, 0x0000000100000000)
  region size 1024K, 42 young (43008K), 2 survivors (2048K)
 Metaspace       used 93604K, committed 94528K, reserved 557056K
  class space    used 13137K, committed 13568K, reserved 425984K
}
Event: 123.641 GC heap after
{Heap after GC invocations=57 (full 0):
 garbage-first heap   total 240640K, used 151219K [0x0000000080000000, 0x0000000100000000)
  region size 1024K, 5 young (5120K), 5 survivors (5120K)
 Metaspace       used 93604K, committed 94528K, reserved 557056K
  class space    used 13137K, committed 13568K, reserved 425984K
}
Event: 125.882 GC heap before
{Heap before GC invocations=57 (full 0):
 garbage-first heap   total 240640K, used 192179K [0x0000000080000000, 0x0000000100000000)
  region size 1024K, 45 young (46080K), 5 survivors (5120K)
 Metaspace       used 96145K, committed 97152K, reserved 557056K
  class space    used 13499K, committed 14016K, reserved 425984K
}
Event: 125.890 GC heap after
{Heap after GC invocations=58 (full 0):
 garbage-first heap   total 240640K, used 154908K [0x0000000080000000, 0x0000000100000000)
  region size 1024K, 6 young (6144K), 6 survivors (6144K)
 Metaspace       used 96145K, committed 97152K, reserved 557056K
  class space    used 13499K, committed 14016K, reserved 425984K
}
Event: 126.528 GC heap before
{Heap before GC invocations=58 (full 0):
 garbage-first heap   total 240640K, used 195868K [0x0000000080000000, 0x0000000100000000)
  region size 1024K, 46 young (47104K), 6 survivors (6144K)
 Metaspace       used 97606K, committed 98688K, reserved 557056K
  class space    used 13685K, committed 14208K, reserved 425984K
}
Event: 126.536 GC heap after
{Heap after GC invocations=59 (full 0):
 garbage-first heap   total 240640K, used 159111K [0x0000000080000000, 0x0000000100000000)
  region size 1024K, 5 young (5120K), 5 survivors (5120K)
 Metaspace       used 97606K, committed 98688K, reserved 557056K
  class space    used 13685K, committed 14208K, reserved 425984K
}
Event: 127.233 GC heap before
{Heap before GC invocations=59 (full 0):
 garbage-first heap   total 240640K, used 198023K [0x0000000080000000, 0x0000000100000000)
  region size 1024K, 43 young (44032K), 5 survivors (5120K)
 Metaspace       used 97949K, committed 98944K, reserved 557056K
  class space    used 13711K, committed 14208K, reserved 425984K
}
Event: 127.239 GC heap after
{Heap after GC invocations=60 (full 0):
 garbage-first heap   total 240640K, used 163087K [0x0000000080000000, 0x0000000100000000)
  region size 1024K, 4 young (4096K), 4 survivors (4096K)
 Metaspace       used 97949K, committed 98944K, reserved 557056K
  class space    used 13711K, committed 14208K, reserved 425984K
}
Event: 128.003 GC heap before
{Heap before GC invocations=60 (full 0):
 garbage-first heap   total 240640K, used 198927K [0x0000000080000000, 0x0000000100000000)
  region size 1024K, 40 young (40960K), 4 survivors (4096K)
 Metaspace       used 98681K, committed 99712K, reserved 557056K
  class space    used 13810K, committed 14336K, reserved 425984K
}
Event: 128.009 GC heap after
{Heap after GC invocations=61 (full 0):
 garbage-first heap   total 240640K, used 167897K [0x0000000080000000, 0x0000000100000000)
  region size 1024K, 5 young (5120K), 5 survivors (5120K)
 Metaspace       used 98681K, committed 99712K, reserved 557056K
  class space    used 13810K, committed 14336K, reserved 425984K
}
Event: 128.763 GC heap before
{Heap before GC invocations=61 (full 0):
 garbage-first heap   total 240640K, used 200665K [0x0000000080000000, 0x0000000100000000)
  region size 1024K, 38 young (38912K), 5 survivors (5120K)
 Metaspace       used 98954K, committed 100032K, reserved 557056K
  class space    used 13816K, committed 14336K, reserved 425984K
}
Event: 128.769 GC heap after
{Heap after GC invocations=62 (full 0):
 garbage-first heap   total 240640K, used 169903K [0x0000000080000000, 0x0000000100000000)
  region size 1024K, 3 young (3072K), 3 survivors (3072K)
 Metaspace       used 98954K, committed 100032K, reserved 557056K
  class space    used 13816K, committed 14336K, reserved 425984K
}
Event: 129.519 GC heap before
{Heap before GC invocations=62 (full 0):
 garbage-first heap   total 240640K, used 202671K [0x0000000080000000, 0x0000000100000000)
  region size 1024K, 36 young (36864K), 3 survivors (3072K)
 Metaspace       used 99323K, committed 100416K, reserved 557056K
  class space    used 13872K, committed 14400K, reserved 425984K
}
Event: 129.525 GC heap after
{Heap after GC invocations=63 (full 0):
 garbage-first heap   total 240640K, used 175104K [0x0000000080000000, 0x0000000100000000)
  region size 1024K, 5 young (5120K), 5 survivors (5120K)
 Metaspace       used 99323K, committed 100416K, reserved 557056K
  class space    used 13872K, committed 14400K, reserved 425984K
}
Event: 130.457 GC heap before
{Heap before GC invocations=63 (full 0):
 garbage-first heap   total 240640K, used 203776K [0x0000000080000000, 0x0000000100000000)
  region size 1024K, 33 young (33792K), 5 survivors (5120K)
 Metaspace       used 99342K, committed 100416K, reserved 557056K
  class space    used 13873K, committed 14400K, reserved 425984K
}
Event: 130.462 GC heap after
{Heap after GC invocations=64 (full 0):
 garbage-first heap   total 240640K, used 177061K [0x0000000080000000, 0x0000000100000000)
  region size 1024K, 4 young (4096K), 4 survivors (4096K)
 Metaspace       used 99342K, committed 100416K, reserved 557056K
  class space    used 13873K, committed 14400K, reserved 425984K
}

